
RUNS-PC	Sun Sep 27 11:33:02 2015
	ib_util init failed, UDFs can't be used - looks like firebird misconfigured
	
	D:\Documentos\Project Lazarus\bin/ib_util.dll library has not been found
	D:\Documentos\Project Lazarus\ib_util.dll library has not been found
	ib_util.dll library has not been found


RUNS-PC	Sun Sep 27 11:33:37 2015
	ib_util init failed, UDFs can't be used - looks like firebird misconfigured
	
	D:\Documentos\Project Lazarus\bin/ib_util.dll library has not been found
	D:\Documentos\Project Lazarus\ib_util.dll library has not been found
	ib_util.dll library has not been found


RUNS-PC	Sun Sep 27 11:33:59 2015
	ib_util init failed, UDFs can't be used - looks like firebird misconfigured
	
	D:\Documentos\Project Lazarus\bin/ib_util.dll library has not been found
	D:\Documentos\Project Lazarus\ib_util.dll library has not been found
	ib_util.dll library has not been found


RUNS-PC	Sun Sep 27 11:37:32 2015
	ib_util init failed, UDFs can't be used - looks like firebird misconfigured
	
	D:\Documentos\Project Lazarus\bin/ib_util.dll library has not been found
	D:\Documentos\Project Lazarus\ib_util.dll library has not been found
	ib_util.dll library has not been found


RUNS-PC	Sun Sep 27 11:38:13 2015
	ib_util init failed, UDFs can't be used - looks like firebird misconfigured
	
	D:\Documentos\Project Lazarus\bin/ib_util.dll library has not been found
	D:\Documentos\Project Lazarus\ib_util.dll library has not been found
	ib_util.dll library has not been found


RUNS-PC	Sun Sep 27 11:39:06 2015
	ib_util init failed, UDFs can't be used - looks like firebird misconfigured
	
	D:\Documentos\Project Lazarus\bin/ib_util.dll library has not been found
	D:\Documentos\Project Lazarus\ib_util.dll library has not been found
	ib_util.dll library has not been found


RUNS-PC	Sun Sep 27 11:41:17 2015
	ib_util init failed, UDFs can't be used - looks like firebird misconfigured
	
	D:\Documentos\Project Lazarus\bin/ib_util.dll library has not been found
	D:\Documentos\Project Lazarus\ib_util.dll library has not been found
	ib_util.dll library has not been found


RUNS-PC	Sun Sep 27 11:44:06 2015
	ib_util init failed, UDFs can't be used - looks like firebird misconfigured
	
	D:\Documentos\Project Lazarus\bin/ib_util.dll library has not been found
	D:\Documentos\Project Lazarus\ib_util.dll library has not been found
	ib_util.dll library has not been found


RUNS-PC	Sun Sep 27 11:45:19 2015
	ib_util init failed, UDFs can't be used - looks like firebird misconfigured
	
	D:\Documentos\Project Lazarus\bin/ib_util.dll library has not been found
	D:\Documentos\Project Lazarus\ib_util.dll library has not been found
	ib_util.dll library has not been found


RUNS-PC	Sun Sep 27 11:47:05 2015
	ib_util init failed, UDFs can't be used - looks like firebird misconfigured
	
	D:\Documentos\Project Lazarus\bin/ib_util.dll library has not been found
	D:\Documentos\Project Lazarus\ib_util.dll library has not been found
	ib_util.dll library has not been found


RUNS-PC	Sun Sep 27 11:47:05 2015
	ib_util init failed, UDFs can't be used - looks like firebird misconfigured
	
	D:\Documentos\Project Lazarus\bin/ib_util.dll library has not been found
	D:\Documentos\Project Lazarus\ib_util.dll library has not been found
	ib_util.dll library has not been found


RUNS-PC	Sun Sep 27 11:47:45 2015
	ib_util init failed, UDFs can't be used - looks like firebird misconfigured
	
	D:\Documentos\Project Lazarus\bin/ib_util.dll library has not been found
	D:\Documentos\Project Lazarus\ib_util.dll library has not been found
	ib_util.dll library has not been found


RUNS-PC	Sun Sep 27 11:48:29 2015
	ib_util init failed, UDFs can't be used - looks like firebird misconfigured
	
	D:\Documentos\Project Lazarus\bin/ib_util.dll library has not been found
	D:\Documentos\Project Lazarus\ib_util.dll library has not been found
	ib_util.dll library has not been found


RUNS-PC	Sun Sep 27 11:49:04 2015
	ib_util init failed, UDFs can't be used - looks like firebird misconfigured
	
	D:\Documentos\Project Lazarus\bin/ib_util.dll library has not been found
	D:\Documentos\Project Lazarus\ib_util.dll library has not been found
	ib_util.dll library has not been found


RUNS-PC	Sun Sep 27 11:52:11 2015
	ib_util init failed, UDFs can't be used - looks like firebird misconfigured
	
	D:\Documentos\Project Lazarus\bin/ib_util.dll library has not been found
	D:\Documentos\Project Lazarus\ib_util.dll library has not been found
	ib_util.dll library has not been found


RUNS-PC	Sun Sep 27 11:53:19 2015
	ib_util init failed, UDFs can't be used - looks like firebird misconfigured
	
	D:\Documentos\Project Lazarus\bin/ib_util.dll library has not been found
	D:\Documentos\Project Lazarus\ib_util.dll library has not been found
	ib_util.dll library has not been found


RUNS-PC	Sun Sep 27 11:53:44 2015
	ib_util init failed, UDFs can't be used - looks like firebird misconfigured
	
	D:\Documentos\Project Lazarus\bin/ib_util.dll library has not been found
	D:\Documentos\Project Lazarus\ib_util.dll library has not been found
	ib_util.dll library has not been found


RUNS-PC	Sun Sep 27 11:54:04 2015
	ib_util init failed, UDFs can't be used - looks like firebird misconfigured
	
	D:\Documentos\Project Lazarus\bin/ib_util.dll library has not been found
	D:\Documentos\Project Lazarus\ib_util.dll library has not been found
	ib_util.dll library has not been found


RUNS-PC	Sun Sep 27 11:54:26 2015
	ib_util init failed, UDFs can't be used - looks like firebird misconfigured
	
	D:\Documentos\Project Lazarus\bin/ib_util.dll library has not been found
	D:\Documentos\Project Lazarus\ib_util.dll library has not been found
	ib_util.dll library has not been found


RUNS-PC	Sun Sep 27 11:54:37 2015
	ib_util init failed, UDFs can't be used - looks like firebird misconfigured
	
	D:\Documentos\Project Lazarus\bin/ib_util.dll library has not been found
	D:\Documentos\Project Lazarus\ib_util.dll library has not been found
	ib_util.dll library has not been found


RUNS-PC	Sun Sep 27 11:55:18 2015
	ib_util init failed, UDFs can't be used - looks like firebird misconfigured
	
	D:\Documentos\Project Lazarus\bin/ib_util.dll library has not been found
	D:\Documentos\Project Lazarus\ib_util.dll library has not been found
	ib_util.dll library has not been found


RUNS-PC	Sun Sep 27 11:55:18 2015
	ib_util init failed, UDFs can't be used - looks like firebird misconfigured
	
	D:\Documentos\Project Lazarus\bin/ib_util.dll library has not been found
	D:\Documentos\Project Lazarus\ib_util.dll library has not been found
	ib_util.dll library has not been found


RUNS-PC	Sun Sep 27 11:55:51 2015
	ib_util init failed, UDFs can't be used - looks like firebird misconfigured
	
	D:\Documentos\Project Lazarus\bin/ib_util.dll library has not been found
	D:\Documentos\Project Lazarus\ib_util.dll library has not been found
	ib_util.dll library has not been found


RUNS-PC	Sun Sep 27 11:56:06 2015
	ib_util init failed, UDFs can't be used - looks like firebird misconfigured
	
	D:\Documentos\Project Lazarus\bin/ib_util.dll library has not been found
	D:\Documentos\Project Lazarus\ib_util.dll library has not been found
	ib_util.dll library has not been found


RUNS-PC	Sun Sep 27 11:56:06 2015
	ib_util init failed, UDFs can't be used - looks like firebird misconfigured
	
	D:\Documentos\Project Lazarus\bin/ib_util.dll library has not been found
	D:\Documentos\Project Lazarus\ib_util.dll library has not been found
	ib_util.dll library has not been found

